<?xml version="1.0" encoding="UTF-8" ?>
<testsuite tests="4" failures="0" name="TestRedisCache" time="0.324" errors="0" skipped="0">
  <properties>
[...]
</properties>
  <testcase classname="TestRedisCache" name="getStatuteService" time="0.259"/>
  <testcase classname="TestRedisCache" name="getRedisConnectionFactory" time="0.027"/>
  <testcase classname="TestRedisCache" name="testRedisTemplate2" time="0.023"/>
  <testcase classname="TestRedisCache" name="TestRedisTemplate" time="0.015"/>
</testsuite>